<?xml version="1.0" encoding="UTF-8"?>
<testsuite name="tutorial4.MainTest" tests="1" skipped="0" failures="0" errors="0" timestamp="2024-03-24T03:55:41" hostname="Vikramjeets-MacBook-Pro.local" time="0.003">
  <properties/>
  <testcase name="test()" classname="tutorial4.MainTest" time="0.003"/>
  <system-out><![CDATA[]]></system-out>
  <system-err><![CDATA[]]></system-err>
</testsuite>
